{
  "stats": {
    "suites": 1,
    "tests": 2,
    "passes": 2,
    "pending": 0,
    "failures": 0,
    "start": "2024-06-19T01:37:56.544Z",
    "end": "2024-06-19T01:38:03.170Z",
    "duration": 6626,
    "testsRegistered": 2,
    "passPercent": 100,
    "pendingPercent": 0,
    "other": 0,
    "hasOther": false,
    "skipped": 0,
    "hasSkipped": false
  },
  "results": [
    {
      "uuid": "97e5da04-baf4-4d8c-ad4c-76fa5cb5ceb8",
      "title": "",
      "fullFile": "cypress\\e2e\\4interceptTest.cy.js",
      "file": "cypress\\e2e\\4interceptTest.cy.js",
      "beforeHooks": [],
      "afterHooks": [],
      "tests": [],
      "suites": [
        {
          "uuid": "02af509f-be52-4a37-9383-0387b40b56ea",
          "title": "Fazer checkout e adcionar produtos ao carrinho",
          "fullFile": "",
          "file": "",
          "beforeHooks": [],
          "afterHooks": [],
          "tests": [
            {
              "title": "login test intercept",
              "fullTitle": "Fazer checkout e adcionar produtos ao carrinho login test intercept",
              "timedOut": null,
              "duration": 4196,
              "state": "passed",
              "speed": "fast",
              "pass": true,
              "fail": false,
              "pending": false,
              "context": null,
              "code": "cy.intercept('POST', '**/public/authUser', {\n  fixture: 'users.json'\n}).as('usuarioLog');\nhomePage.openMenu('Account');\nloginPage.login(email, password);\nhomePage.openMenu('Account');\nprofilePage.customerName().should('have.text', 'Dulko Ryan');",
              "err": {},
              "uuid": "a197cdeb-2a1b-4d56-93bc-1480181b4df3",
              "parentUUID": "02af509f-be52-4a37-9383-0387b40b56ea",
              "isHook": false,
              "skipped": false
            },
            {
              "title": "login test intercept nome do usuario",
              "fullTitle": "Fazer checkout e adcionar produtos ao carrinho login test intercept nome do usuario",
              "timedOut": null,
              "duration": 2228,
              "state": "passed",
              "speed": "fast",
              "pass": true,
              "fail": false,
              "pending": false,
              "context": null,
              "code": "cy.intercept('POST', '**/public/authUser', {\n  fixture: 'noUserName.json'\n}).as('noNameUsuarioLog');\nhomePage.openMenu('Account');\nloginPage.login(email, password);\nhomePage.openMenu('Account');\nprofilePage.customerName();",
              "err": {},
              "uuid": "df610d23-b37e-44ba-872e-4334e11a1ff1",
              "parentUUID": "02af509f-be52-4a37-9383-0387b40b56ea",
              "isHook": false,
              "skipped": false
            }
          ],
          "suites": [],
          "passes": [
            "a197cdeb-2a1b-4d56-93bc-1480181b4df3",
            "df610d23-b37e-44ba-872e-4334e11a1ff1"
          ],
          "failures": [],
          "pending": [],
          "skipped": [],
          "duration": 6424,
          "root": false,
          "rootEmpty": false,
          "_timeout": 2000
        }
      ],
      "passes": [],
      "failures": [],
      "pending": [],
      "skipped": [],
      "duration": 0,
      "root": true,
      "rootEmpty": true,
      "_timeout": 2000
    }
  ],
  "meta": {
    "mocha": {
      "version": "7.0.1"
    },
    "mochawesome": {
      "options": {
        "quiet": false,
        "reportFilename": "mochawesome",
        "saveHtml": false,
        "saveJson": true,
        "consoleReporter": "spec",
        "useInlineDiffs": false,
        "code": true
      },
      "version": "7.1.3"
    },
    "marge": {
      "options": {
        "reporterFilename": "[name]-result",
        "html": false
      },
      "version": "6.2.0"
    }
  }
}