{
  "stats": {
    "suites": 1,
    "tests": 2,
    "passes": 2,
    "pending": 0,
    "failures": 0,
    "testsRegistered": 2,
    "passPercent": 100,
    "pendingPercent": 0,
    "other": 0,
    "hasOther": false,
    "skipped": 0,
    "hasSkipped": false,
    "start": "2024-05-22T18:23:04.636Z",
    "end": "2024-05-22T18:23:10.625Z",
    "duration": 5989
  },
  "results": [
    {
      "uuid": "41b66ab4-6ec1-4040-a5c5-67da84f79c43",
      "title": "",
      "fullFile": "cypress\\e2e\\4interceptTest.cy.js",
      "file": "cypress\\e2e\\4interceptTest.cy.js",
      "beforeHooks": [],
      "afterHooks": [],
      "tests": [],
      "suites": [
        {
          "uuid": "d6a414de-0607-44a5-a66c-9b3cd65db544",
          "title": "Fazer checkout e adcionar produtos ao carrinho",
          "fullFile": "",
          "file": "",
          "beforeHooks": [],
          "afterHooks": [],
          "tests": [
            {
              "title": "login test intercept",
              "fullTitle": "Fazer checkout e adcionar produtos ao carrinho login test intercept",
              "timedOut": null,
              "duration": 3874,
              "state": "passed",
              "speed": "fast",
              "pass": true,
              "fail": false,
              "pending": false,
              "context": null,
              "code": "cy.intercept('POST', '**/public/authUser', {\n  fixture: 'users.json'\n}).as('usuarioLog');\nhomePage.openMenu('Account');\nloginPage.login(email, password);\nhomePage.openMenu('Account');\nprofilePage.customerName().should('have.text', 'Dulko Ryan');",
              "err": {},
              "uuid": "f51aaeba-17b0-4e08-8517-05dc18e840d6",
              "parentUUID": "d6a414de-0607-44a5-a66c-9b3cd65db544",
              "isHook": false,
              "skipped": false
            },
            {
              "title": "login test intercept nome do usuario",
              "fullTitle": "Fazer checkout e adcionar produtos ao carrinho login test intercept nome do usuario",
              "timedOut": null,
              "duration": 1949,
              "state": "passed",
              "speed": "fast",
              "pass": true,
              "fail": false,
              "pending": false,
              "context": null,
              "code": "cy.intercept('POST', '**/public/authUser', {\n  fixture: 'noUserName.json'\n}).as('noNameUsuarioLog');\nhomePage.openMenu('Account');\nloginPage.login(email, password);\nhomePage.openMenu('Account');\nprofilePage.customerName();",
              "err": {},
              "uuid": "243d6a4d-dbe4-45b9-b32b-9e85eddb40e7",
              "parentUUID": "d6a414de-0607-44a5-a66c-9b3cd65db544",
              "isHook": false,
              "skipped": false
            }
          ],
          "suites": [],
          "passes": [
            "f51aaeba-17b0-4e08-8517-05dc18e840d6",
            "243d6a4d-dbe4-45b9-b32b-9e85eddb40e7"
          ],
          "failures": [],
          "pending": [],
          "skipped": [],
          "duration": 5823,
          "root": false,
          "rootEmpty": false,
          "_timeout": 2000
        }
      ],
      "passes": [],
      "failures": [],
      "pending": [],
      "skipped": [],
      "duration": 0,
      "root": true,
      "rootEmpty": true,
      "_timeout": 2000
    }
  ],
  "meta": {
    "mocha": {
      "version": "7.0.1"
    },
    "mochawesome": {
      "options": {
        "quiet": false,
        "reportFilename": "mochawesome",
        "saveHtml": false,
        "saveJson": true,
        "consoleReporter": "spec",
        "useInlineDiffs": false,
        "code": true
      },
      "version": "7.1.3"
    },
    "marge": {
      "options": {
        "reporterFilename": "[name]-result",
        "html": false
      },
      "version": "6.2.0"
    }
  }
}